<?xml version="1.0" encoding="UTF-8"?>
<testng-results ignored="0" total="2" passed="0" failed="2" skipped="0">
  <reporter-output>
  </reporter-output>
  <suite started-at="2023-01-10T12:57:34Z" name="Test Suite" finished-at="2023-01-10T12:59:17Z" duration-ms="103215">
    <groups>
    </groups>
    <test started-at="2023-01-10T12:57:34Z" name="CCPAUIDownload" finished-at="2023-01-10T12:59:17Z" duration-ms="103215">
      <class name="com.CCPAAutomation.tests.UIDownload">
        <test-method signature="VPDDownload()[pri:0, instance:com.CCPAAutomation.tests.UIDownload@7a220c9a]" started-at="2023-01-10T12:57:34Z" name="VPDDownload" test-instance-name="TC001_Guest_DownloadRequest" finished-at="2023-01-10T12:59:17Z" duration-ms="102557" status="FAIL">
          <exception class="java.lang.AssertionError">
            <message>
              <![CDATA[Test Fail: Test Fail-Guest Download failed Expected condition failed: waiting for com.CCPAAutomation.pages.Browseractions$1@3fbb3620 (tried for 15 second(s) with 2000 milliseconds interval)]]>
            </message>
            <full-stacktrace>
              <![CDATA[java.lang.AssertionError: Test Fail: Test Fail-Guest Download failed Expected condition failed: waiting for com.CCPAAutomation.pages.Browseractions$1@3fbb3620 (tried for 15 second(s) with 2000 milliseconds interval)
at org.testng.Assert.fail(Assert.java:96)
at com.CCPAAutomation.tests.UIDownload.VPDDownload(UIDownload.java:39)
at java.base/jdk.internal.reflect.NativeMethodAccessorImpl.invoke0(Native Method)
at java.base/jdk.internal.reflect.NativeMethodAccessorImpl.invoke(NativeMethodAccessorImpl.java:62)
at java.base/jdk.internal.reflect.DelegatingMethodAccessorImpl.invoke(DelegatingMethodAccessorImpl.java:43)
at java.base/java.lang.reflect.Method.invoke(Method.java:567)
at org.testng.internal.MethodInvocationHelper.invokeMethod(MethodInvocationHelper.java:124)
at org.testng.internal.Invoker.invokeMethod(Invoker.java:583)
at org.testng.internal.Invoker.invokeTestMethod(Invoker.java:719)
at org.testng.internal.Invoker.invokeTestMethods(Invoker.java:989)
at org.testng.internal.TestMethodWorker.invokeTestMethods(TestMethodWorker.java:125)
at org.testng.internal.TestMethodWorker.run(TestMethodWorker.java:109)
at java.base/java.util.concurrent.ThreadPoolExecutor.runWorker(ThreadPoolExecutor.java:1128)
at java.base/java.util.concurrent.ThreadPoolExecutor$Worker.run(ThreadPoolExecutor.java:628)
at java.base/java.lang.Thread.run(Thread.java:830)
]]>
            </full-stacktrace>
          </exception> <!-- java.lang.AssertionError -->
          <reporter-output>
          </reporter-output>
        </test-method> <!-- VPDDownload -->
        <test-method signature="VPDDownload()[pri:0, instance:com.CCPAAutomation.tests.UIDownload@2421cc4]" started-at="2023-01-10T12:57:34Z" name="VPDDownload" test-instance-name="TC002_Guest_DownloadRequest" finished-at="2023-01-10T12:59:17Z" duration-ms="102557" status="FAIL">
          <exception class="java.lang.AssertionError">
            <message>
              <![CDATA[Test Fail: Test Fail-Guest Download failed Expected condition failed: waiting for com.CCPAAutomation.pages.Browseractions$1@d723d33 (tried for 25 second(s) with 2000 milliseconds interval)]]>
            </message>
            <full-stacktrace>
              <![CDATA[java.lang.AssertionError: Test Fail: Test Fail-Guest Download failed Expected condition failed: waiting for com.CCPAAutomation.pages.Browseractions$1@d723d33 (tried for 25 second(s) with 2000 milliseconds interval)
at org.testng.Assert.fail(Assert.java:96)
at com.CCPAAutomation.tests.UIDownload.VPDDownload(UIDownload.java:39)
at java.base/jdk.internal.reflect.NativeMethodAccessorImpl.invoke0(Native Method)
at java.base/jdk.internal.reflect.NativeMethodAccessorImpl.invoke(NativeMethodAccessorImpl.java:62)
at java.base/jdk.internal.reflect.DelegatingMethodAccessorImpl.invoke(DelegatingMethodAccessorImpl.java:43)
at java.base/java.lang.reflect.Method.invoke(Method.java:567)
at org.testng.internal.MethodInvocationHelper.invokeMethod(MethodInvocationHelper.java:124)
at org.testng.internal.Invoker.invokeMethod(Invoker.java:583)
at org.testng.internal.Invoker.invokeTestMethod(Invoker.java:719)
at org.testng.internal.Invoker.invokeTestMethods(Invoker.java:989)
at org.testng.internal.TestMethodWorker.invokeTestMethods(TestMethodWorker.java:125)
at org.testng.internal.TestMethodWorker.run(TestMethodWorker.java:109)
at java.base/java.util.concurrent.ThreadPoolExecutor.runWorker(ThreadPoolExecutor.java:1128)
at java.base/java.util.concurrent.ThreadPoolExecutor$Worker.run(ThreadPoolExecutor.java:628)
at java.base/java.lang.Thread.run(Thread.java:830)
]]>
            </full-stacktrace>
          </exception> <!-- java.lang.AssertionError -->
          <reporter-output>
          </reporter-output>
        </test-method> <!-- VPDDownload -->
      </class> <!-- com.CCPAAutomation.tests.UIDownload -->
    </test> <!-- CCPAUIDownload -->
  </suite> <!-- Test Suite -->
</testng-results>
