<html>
<head>
<title>TestNG:  CCPAUIDownload</title>
<link href="../testng.css" rel="stylesheet" type="text/css" />
<link href="../my-testng.css" rel="stylesheet" type="text/css" />

<style type="text/css">
.log { display: none;} 
.stack-trace { display: none;} 
</style>
<script type="text/javascript">
<!--
function flip(e) {
  current = e.style.display;
  if (current == 'block') {
    e.style.display = 'none';
    return 0;
  }
  else {
    e.style.display = 'block';
    return 1;
  }
}

function toggleBox(szDivId, elem, msg1, msg2)
{
  var res = -1;  if (document.getElementById) {
    res = flip(document.getElementById(szDivId));
  }
  else if (document.all) {
    // this is the way old msie versions work
    res = flip(document.all[szDivId]);
  }
  if(elem) {
    if(res == 0) elem.innerHTML = msg1; else elem.innerHTML = msg2;
  }

}

function toggleAllBoxes() {
  if (document.getElementsByTagName) {
    d = document.getElementsByTagName('div');
    for (i = 0; i < d.length; i++) {
      if (d[i].className == 'log') {
        flip(d[i]);
      }
    }
  }
}

// -->
</script>

</head>
<body>
<h2 align='center'>CCPAUIDownload</h2><table border='1' align="center">
<tr>
<td>Tests passed/Failed/Skipped:</td><td>0/2/0</td>
</tr><tr>
<td>Started on:</td><td>Tue Jan 10 18:27:34 IST 2023</td>
</tr>
<tr><td>Total time:</td><td>103 seconds (103215 ms)</td>
</tr><tr>
<td>Included groups:</td><td></td>
</tr><tr>
<td>Excluded groups:</td><td></td>
</tr>
</table><p/>
<small><i>(Hover the method name to see the test class name)</i></small><p/>
<table width='100%' border='1' class='invocation-failed'>
<tr><td colspan='4' align='center'><b>FAILED TESTS</b></td></tr>
<tr><td><b>Test method</b></td>
<td width="30%"><b>Exception</b></td>
<td width="10%"><b>Time (seconds)</b></td>
<td><b>Instance</b></td>
</tr>
<tr>
<td title='com.CCPAAutomation.tests.UIDownload.VPDDownload()'><b>VPDDownload</b><br>Test class: com.CCPAAutomation.tests.UIDownload (TC002_Guest_DownloadRequest)</td>
<td><div><pre>java.lang.AssertionError: Test Fail: Test Fail-Guest Download failed Expected condition failed: waiting for com.CCPAAutomation.pages.Browseractions$1@d723d33 (tried for 25 second(s) with 2000 milliseconds interval)
	at com.CCPAAutomation.tests.UIDownload.VPDDownload(UIDownload.java:39)
	at java.base/java.util.concurrent.ThreadPoolExecutor.runWorker(ThreadPoolExecutor.java:1128)
	at java.base/java.util.concurrent.ThreadPoolExecutor$Worker.run(ThreadPoolExecutor.java:628)
	at java.base/java.lang.Thread.run(Thread.java:830)
... Removed 11 stack frames</pre></div><a href='#' onClick='toggleBox("stack-trace1758666606", this, "Click to show all stack frames", "Click to hide stack frames")'>Click to show all stack frames</a>
<div class='stack-trace' id='stack-trace1758666606'><pre>java.lang.AssertionError: Test Fail: Test Fail-Guest Download failed Expected condition failed: waiting for com.CCPAAutomation.pages.Browseractions$1@d723d33 (tried for 25 second(s) with 2000 milliseconds interval)
	at org.testng.Assert.fail(Assert.java:96)
	at com.CCPAAutomation.tests.UIDownload.VPDDownload(UIDownload.java:39)
	at java.base/jdk.internal.reflect.NativeMethodAccessorImpl.invoke0(Native Method)
	at java.base/jdk.internal.reflect.NativeMethodAccessorImpl.invoke(NativeMethodAccessorImpl.java:62)
	at java.base/jdk.internal.reflect.DelegatingMethodAccessorImpl.invoke(DelegatingMethodAccessorImpl.java:43)
	at java.base/java.lang.reflect.Method.invoke(Method.java:567)
	at org.testng.internal.MethodInvocationHelper.invokeMethod(MethodInvocationHelper.java:124)
	at org.testng.internal.Invoker.invokeMethod(Invoker.java:583)
	at org.testng.internal.Invoker.invokeTestMethod(Invoker.java:719)
	at org.testng.internal.Invoker.invokeTestMethods(Invoker.java:989)
	at org.testng.internal.TestMethodWorker.invokeTestMethods(TestMethodWorker.java:125)
	at org.testng.internal.TestMethodWorker.run(TestMethodWorker.java:109)
	at java.base/java.util.concurrent.ThreadPoolExecutor.runWorker(ThreadPoolExecutor.java:1128)
	at java.base/java.util.concurrent.ThreadPoolExecutor$Worker.run(ThreadPoolExecutor.java:628)
	at java.base/java.lang.Thread.run(Thread.java:830)
</pre></div></td>
<td>102</td>
<td>com.CCPAAutomation.tests.UIDownload@2421cc4</td></tr>
<tr>
<td title='com.CCPAAutomation.tests.UIDownload.VPDDownload()'><b>VPDDownload</b><br>Test class: com.CCPAAutomation.tests.UIDownload (TC001_Guest_DownloadRequest)</td>
<td><div><pre>java.lang.AssertionError: Test Fail: Test Fail-Guest Download failed Expected condition failed: waiting for com.CCPAAutomation.pages.Browseractions$1@3fbb3620 (tried for 15 second(s) with 2000 milliseconds interval)
	at com.CCPAAutomation.tests.UIDownload.VPDDownload(UIDownload.java:39)
	at java.base/java.util.concurrent.ThreadPoolExecutor.runWorker(ThreadPoolExecutor.java:1128)
	at java.base/java.util.concurrent.ThreadPoolExecutor$Worker.run(ThreadPoolExecutor.java:628)
	at java.base/java.lang.Thread.run(Thread.java:830)
... Removed 11 stack frames</pre></div><a href='#' onClick='toggleBox("stack-trace414925790", this, "Click to show all stack frames", "Click to hide stack frames")'>Click to show all stack frames</a>
<div class='stack-trace' id='stack-trace414925790'><pre>java.lang.AssertionError: Test Fail: Test Fail-Guest Download failed Expected condition failed: waiting for com.CCPAAutomation.pages.Browseractions$1@3fbb3620 (tried for 15 second(s) with 2000 milliseconds interval)
	at org.testng.Assert.fail(Assert.java:96)
	at com.CCPAAutomation.tests.UIDownload.VPDDownload(UIDownload.java:39)
	at java.base/jdk.internal.reflect.NativeMethodAccessorImpl.invoke0(Native Method)
	at java.base/jdk.internal.reflect.NativeMethodAccessorImpl.invoke(NativeMethodAccessorImpl.java:62)
	at java.base/jdk.internal.reflect.DelegatingMethodAccessorImpl.invoke(DelegatingMethodAccessorImpl.java:43)
	at java.base/java.lang.reflect.Method.invoke(Method.java:567)
	at org.testng.internal.MethodInvocationHelper.invokeMethod(MethodInvocationHelper.java:124)
	at org.testng.internal.Invoker.invokeMethod(Invoker.java:583)
	at org.testng.internal.Invoker.invokeTestMethod(Invoker.java:719)
	at org.testng.internal.Invoker.invokeTestMethods(Invoker.java:989)
	at org.testng.internal.TestMethodWorker.invokeTestMethods(TestMethodWorker.java:125)
	at org.testng.internal.TestMethodWorker.run(TestMethodWorker.java:109)
	at java.base/java.util.concurrent.ThreadPoolExecutor.runWorker(ThreadPoolExecutor.java:1128)
	at java.base/java.util.concurrent.ThreadPoolExecutor$Worker.run(ThreadPoolExecutor.java:628)
	at java.base/java.lang.Thread.run(Thread.java:830)
</pre></div></td>
<td>102</td>
<td>com.CCPAAutomation.tests.UIDownload@7a220c9a</td></tr>
</table><p>
</body>
</html>